app/build/outputs/logs/manifest-merger-taxisya-debug-report.txt
-- Merging decision tree log ---
manifest
ADDED from src/main/AndroidManifest.xml:2:1-197:12
	package
		ADDED from src/main/AndroidManifest.xml:3:5-50
		INJECTED from src/main/AndroidManifest.xml
		INJECTED from src/main/AndroidManifest.xml
	android:versionName
		ADDED from src/main/AndroidManifest.xml:5:5-30
		INJECTED from src/main/AndroidManifest.xml
		INJECTED from src/main/AndroidManifest.xml
	android:versionCode
		ADDED from src/main/AndroidManifest.xml:4:5-29
		INJECTED from src/main/AndroidManifest.xml
		INJECTED from src/main/AndroidManifest.xml
	xmlns:android
		ADDED from src/main/AndroidManifest.xml:2:11-69
uses-feature#android.hardware.telephony
ADDED from src/main/AndroidManifest.xml:7:5-9:36
	android:required
		ADDED from src/main/AndroidManifest.xml:9:9-33
	android:name
		ADDED from src/main/AndroidManifest.xml:8:9-50
permission#com.imaginamos.usuariofinal.taxisya.permission.MAPS_RECEIVE
ADDED from src/main/AndroidManifest.xml:11:5-13:47
	android:protectionLevel
		ADDED from src/main/AndroidManifest.xml:13:9-44
	android:name
		ADDED from src/main/AndroidManifest.xml:12:9-83
uses-permission#com.imaginamos.usuariofinal.taxisya.permission.MAPS_RECEIVE
ADDED from src/main/AndroidManifest.xml:15:5-99
	android:name
		ADDED from src/main/AndroidManifest.xml:15:22-96
uses-permission#android.permission.INTERNET
ADDED from src/main/AndroidManifest.xml:16:5-67
MERGED from [com.crashlytics.sdk.android:crashlytics:2.6.5] AndroidManifest.xml:9:5-67
MERGED from [com.crashlytics.sdk.android:beta:1.2.2] AndroidManifest.xml:9:5-67
MERGED from [com.crashlytics.sdk.android:crashlytics-core:2.3.14] AndroidManifest.xml:9:5-67
MERGED from [com.crashlytics.sdk.android:answers:1.3.10] AndroidManifest.xml:9:5-67
MERGED from [io.fabric.sdk.android:fabric:1.3.14] AndroidManifest.xml:25:5-67
MERGED from [com.google.android.gms:play-services-maps:9.8.0] AndroidManifest.xml:20:5-66
MERGED from [com.google.android.gms:play-services-analytics:9.8.0] AndroidManifest.xml:20:5-66
MERGED from [com.google.android.gms:play-services-analytics-impl:9.8.0] AndroidManifest.xml:20:5-66
MERGED from [com.google.android.gms:play-services-gcm:9.8.0] AndroidManifest.xml:21:5-66
MERGED from [com.google.android.gms:play-services-iid:9.8.0] AndroidManifest.xml:21:5-66
MERGED from [com.google.firebase:firebase-analytics:9.8.0] AndroidManifest.xml:20:5-66
MERGED from [com.google.firebase:firebase-analytics-impl:9.8.0] AndroidManifest.xml:20:5-66
MERGED from [com.google.firebase:firebase-iid:9.8.0] AndroidManifest.xml:20:5-66
MERGED from [com.paymentez.paymentezsdk:paymentezsdk:1.0.4] AndroidManifest.xml:11:5-67
	android:name
		ADDED from src/main/AndroidManifest.xml:16:22-64
uses-permission#com.google.android.providers.gsf.permission.READ_GSERVICES
ADDED from src/main/AndroidManifest.xml:17:5-98
	android:name
		ADDED from src/main/AndroidManifest.xml:17:22-95
uses-permission#android.permission.ACCESS_FINE_LOCATION
ADDED from src/main/AndroidManifest.xml:18:5-79
MERGED from [com.paymentez.paymentezsdk:paymentezsdk:1.0.4] AndroidManifest.xml:16:5-79
	android:name
		ADDED from src/main/AndroidManifest.xml:18:22-76
uses-permission#android.permission.ACCESS_COARSE_LOCATION
ADDED from src/main/AndroidManifest.xml:19:5-81
MERGED from [com.paymentez.paymentezsdk:paymentezsdk:1.0.4] AndroidManifest.xml:17:5-81
	android:name
		ADDED from src/main/AndroidManifest.xml:19:22-78
uses-permission#android.permission.WRITE_EXTERNAL_STORAGE
ADDED from src/main/AndroidManifest.xml:20:5-81
	android:name
		ADDED from src/main/AndroidManifest.xml:20:22-78
uses-permission#android.permission.ACCESS_NETWORK_STATE
ADDED from src/main/AndroidManifest.xml:21:5-79
MERGED from [com.google.android.gms:play-services-maps:9.8.0] AndroidManifest.xml:19:5-78
MERGED from [com.google.android.gms:play-services-analytics:9.8.0] AndroidManifest.xml:21:5-78
MERGED from [com.google.android.gms:play-services-analytics-impl:9.8.0] AndroidManifest.xml:21:5-78
MERGED from [com.google.firebase:firebase-analytics:9.8.0] AndroidManifest.xml:21:5-78
MERGED from [com.google.firebase:firebase-analytics-impl:9.8.0] AndroidManifest.xml:21:5-78
MERGED from [com.google.firebase:firebase-iid:9.8.0] AndroidManifest.xml:19:5-78
MERGED from [com.paymentez.paymentezsdk:paymentezsdk:1.0.4] AndroidManifest.xml:12:5-79
	android:name
		ADDED from src/main/AndroidManifest.xml:21:22-76
uses-permission#android.permission.VIBRATE
ADDED from src/main/AndroidManifest.xml:22:5-66
MERGED from [com.paymentez.paymentezsdk:paymentezsdk:1.0.4] AndroidManifest.xml:20:5-66
MERGED from [io.card:android-sdk:5.3.4] AndroidManifest.xml:12:5-66
	android:name
		ADDED from src/main/AndroidManifest.xml:22:22-63
uses-permission#android.permission.READ_PHONE_STATE
ADDED from src/main/AndroidManifest.xml:23:5-75
	android:name
		ADDED from src/main/AndroidManifest.xml:23:22-72
uses-permission#android.permission.GET_ACCOUNTS
ADDED from src/main/AndroidManifest.xml:24:5-71
	android:name
		ADDED from src/main/AndroidManifest.xml:24:22-68
uses-permission#android.permission.WAKE_LOCK
ADDED from src/main/AndroidManifest.xml:25:5-68
MERGED from [com.google.android.gms:play-services-analytics:9.8.0] AndroidManifest.xml:24:5-67
MERGED from [com.google.android.gms:play-services-analytics-impl:9.8.0] AndroidManifest.xml:24:5-67
MERGED from [com.google.firebase:firebase-analytics:9.8.0] AndroidManifest.xml:22:5-67
MERGED from [com.google.firebase:firebase-analytics-impl:9.8.0] AndroidManifest.xml:22:5-67
MERGED from [com.google.firebase:firebase-iid:9.8.0] AndroidManifest.xml:21:5-67
	android:name
		ADDED from src/main/AndroidManifest.xml:25:22-65
uses-permission#android.permission.CALL_PHONE
ADDED from src/main/AndroidManifest.xml:26:5-69
	android:name
		ADDED from src/main/AndroidManifest.xml:26:22-66
uses-permission#com.google.android.c2dm.permission.RECEIVE
ADDED from src/main/AndroidManifest.xml:27:5-82
MERGED from [com.google.android.gms:play-services-gcm:9.8.0] AndroidManifest.xml:20:5-81
MERGED from [com.google.android.gms:play-services-iid:9.8.0] AndroidManifest.xml:20:5-81
MERGED from [com.google.firebase:firebase-iid:9.8.0] AndroidManifest.xml:22:5-81
	android:name
		ADDED from src/main/AndroidManifest.xml:27:22-79
uses-permission#android.permission.SYSTEM_ALERT_WINDOW
ADDED from src/main/AndroidManifest.xml:28:5-78
	android:name
		ADDED from src/main/AndroidManifest.xml:28:22-75
uses-permission#android.permission.ACCESS_WIFI_STATE
ADDED from src/main/AndroidManifest.xml:30:5-76
MERGED from [com.paymentez.paymentezsdk:paymentezsdk:1.0.4] AndroidManifest.xml:14:5-76
	android:name
		ADDED from src/main/AndroidManifest.xml:30:22-73
uses-permission#com.android.browser.permission.READ_HISTORY_BOOKM_ARKS
ADDED from src/main/AndroidManifest.xml:32:5-93
	android:name
		ADDED from src/main/AndroidManifest.xml:32:22-91
uses-feature#android.hardware.wifi
ADDED from src/main/AndroidManifest.xml:34:5-83
	android:required
		ADDED from src/main/AndroidManifest.xml:34:56-80
	android:name
		ADDED from src/main/AndroidManifest.xml:34:19-55
permission#com.imaginamos.usuariofinal.taxisya.permission.C2D_MESSAGE
ADDED from src/main/AndroidManifest.xml:36:5-38:47
	android:protectionLevel
		ADDED from src/main/AndroidManifest.xml:38:9-44
	android:name
		ADDED from src/main/AndroidManifest.xml:37:9-82
uses-permission#com.imaginamos.usuariofinal.taxisya.permission.C2D_MESSAGE
ADDED from src/main/AndroidManifest.xml:40:5-98
	android:name
		ADDED from src/main/AndroidManifest.xml:40:22-95
uses-permission#android.permission.USE_CREDENTIALS
ADDED from src/main/AndroidManifest.xml:41:5-74
	android:name
		ADDED from src/main/AndroidManifest.xml:41:22-71
android:uses-permission#android.permission.READ_EXTERNAL_STORAGE
ADDED from src/main/AndroidManifest.xml:43:5-88
	android:name
		ADDED from src/main/AndroidManifest.xml:43:30-85
application
ADDED from src/main/AndroidManifest.xml:45:5-195:19
MERGED from [com.crashlytics.sdk.android:crashlytics:2.6.5] AndroidManifest.xml:11:5-20
MERGED from [com.crashlytics.sdk.android:beta:1.2.2] AndroidManifest.xml:11:5-20
MERGED from [com.crashlytics.sdk.android:crashlytics-core:2.3.14] AndroidManifest.xml:11:5-20
MERGED from [com.crashlytics.sdk.android:answers:1.3.10] AndroidManifest.xml:11:5-20
MERGED from [io.fabric.sdk.android:fabric:1.3.14] AndroidManifest.xml:27:5-20
MERGED from [com.android.support:design:25.0.1] AndroidManifest.xml:25:5-20
MERGED from [com.android.support:transition:25.0.1] AndroidManifest.xml:22:5-20
MERGED from [com.android.support:cardview-v7:25.0.1] AndroidManifest.xml:22:5-20
MERGED from [com.google.android.gms:play-services-maps:9.8.0] AndroidManifest.xml:24:5-19
MERGED from [com.google.android.gms:play-services-appindexing:9.8.0] AndroidManifest.xml:18:5-19
MERGED from [com.google.android.gms:play-services-location:9.8.0] AndroidManifest.xml:4:5-19
MERGED from [com.google.android.gms:play-services-analytics:9.8.0] AndroidManifest.xml:26:5-19
MERGED from [com.google.android.gms:play-services-analytics-impl:9.8.0] AndroidManifest.xml:26:5-19
MERGED from [com.google.android.gms:play-services-gcm:9.8.0] AndroidManifest.xml:23:5-19
MERGED from [com.google.android.gms:play-services-iid:9.8.0] AndroidManifest.xml:23:5-19
MERGED from [com.google.android.gms:play-services-base:9.8.0] AndroidManifest.xml:18:5-20:19
MERGED from [de.hdodenhof:circleimageview:1.3.0] AndroidManifest.xml:9:5-20
MERGED from [com.google.firebase:firebase-core:9.8.0] AndroidManifest.xml:5:5-20
MERGED from [com.google.firebase:firebase-analytics:9.8.0] AndroidManifest.xml:24:5-33:19
MERGED from [com.google.firebase:firebase-analytics-impl:9.8.0] AndroidManifest.xml:24:5-28:19
MERGED from [com.google.firebase:firebase-messaging:9.8.0] AndroidManifest.xml:19:5-29:19
MERGED from [com.google.firebase:firebase-iid:9.8.0] AndroidManifest.xml:28:5-50:19
MERGED from [com.google.firebase:firebase-common:9.8.0] AndroidManifest.xml:4:5-7:19
MERGED from [com.google.android.gms:play-services-tasks:9.8.0] AndroidManifest.xml:4:5-19
MERGED from [com.google.android.gms:play-services-basement:9.8.0] AndroidManifest.xml:19:5-21:19
MERGED from [com.paymentez.paymentezsdk:paymentezsdk:1.0.4] AndroidManifest.xml:36:5-47:19
MERGED from [com.android.support:appcompat-v7:25.0.1] AndroidManifest.xml:25:5-20
MERGED from [com.android.support:support-v4:25.0.1] AndroidManifest.xml:25:5-20
MERGED from [com.android.support:support-fragment:25.0.1] AndroidManifest.xml:25:5-20
MERGED from [com.android.support:support-media-compat:25.0.1] AndroidManifest.xml:25:5-20
MERGED from [com.android.support:support-core-ui:25.0.1] AndroidManifest.xml:25:5-20
MERGED from [com.android.support:support-core-utils:25.0.1] AndroidManifest.xml:25:5-20
MERGED from [com.android.support:animated-vector-drawable:25.0.1] AndroidManifest.xml:22:5-20
MERGED from [com.android.support:support-vector-drawable:25.0.1] AndroidManifest.xml:23:5-20
MERGED from [com.android.support:support-compat:25.0.1] AndroidManifest.xml:25:5-20
MERGED from [io.card:android-sdk:5.3.4] AndroidManifest.xml:21:5-26:19
	android:screenOrientation
		ADDED from [com.paymentez.paymentezsdk:paymentezsdk:1.0.4] AndroidManifest.xml:39:9-45
	android:label
		ADDED from src/main/AndroidManifest.xml:48:9-41
	android:supportsRtl
		ADDED from [com.paymentez.paymentezsdk:paymentezsdk:1.0.4] AndroidManifest.xml:40:9-35
	android:allowBackup
		ADDED from src/main/AndroidManifest.xml:46:9-35
	android:icon
		ADDED from src/main/AndroidManifest.xml:47:9-45
	android:theme
		ADDED from src/main/AndroidManifest.xml:49:9-40
meta-data#com.google.android.maps.v2.API_KEY
ADDED from src/main/AndroidManifest.xml:50:9-52:71
	android:value
		ADDED from src/main/AndroidManifest.xml:52:13-68
	android:name
		ADDED from src/main/AndroidManifest.xml:51:13-62
service#com.imaginamos.usuariofinal.taxisya.io.MyFirebaseMessagingService
ADDED from src/main/AndroidManifest.xml:55:9-59:19
	android:name
		ADDED from src/main/AndroidManifest.xml:55:18-63
intent-filter#com.google.firebase.MESSAGING_EVENT
ADDED from src/main/AndroidManifest.xml:56:13-58:29
action#com.google.firebase.MESSAGING_EVENT
ADDED from src/main/AndroidManifest.xml:57:17-78
	android:name
		ADDED from src/main/AndroidManifest.xml:57:25-75
service#com.imaginamos.usuariofinal.taxisya.io.MyFirebaseInstanceIDService
ADDED from src/main/AndroidManifest.xml:62:9-66:19
	android:name
		ADDED from src/main/AndroidManifest.xml:62:18-64
intent-filter#com.google.firebase.INSTANCE_ID_EVENT
ADDED from src/main/AndroidManifest.xml:63:13-65:29
action#com.google.firebase.INSTANCE_ID_EVENT
ADDED from src/main/AndroidManifest.xml:64:17-80
	android:name
		ADDED from src/main/AndroidManifest.xml:64:25-77
activity#com.imaginamos.usuariofinal.taxisya.activities.HomeActivity
ADDED from src/main/AndroidManifest.xml:69:9-80:20
	android:screenOrientation
		ADDED from src/main/AndroidManifest.xml:73:13-49
	android:hardwareAccelerated
		ADDED from src/main/AndroidManifest.xml:72:13-47
	android:windowSoftInputMode
		ADDED from src/main/AndroidManifest.xml:74:13-52
	android:configChanges
		ADDED from src/main/AndroidManifest.xml:71:13-63
	android:name
		ADDED from src/main/AndroidManifest.xml:70:13-52
intent-filter#android.intent.action.MAIN+android.intent.category.LAUNCHER
ADDED from src/main/AndroidManifest.xml:75:13-79:29
action#android.intent.action.MAIN
ADDED from src/main/AndroidManifest.xml:76:17-69
	android:name
		ADDED from src/main/AndroidManifest.xml:76:25-66
category#android.intent.category.LAUNCHER
ADDED from src/main/AndroidManifest.xml:78:17-77
	android:name
		ADDED from src/main/AndroidManifest.xml:78:27-74
activity#com.imaginamos.taxisya.activities.MapaActivitys
ADDED from src/main/AndroidManifest.xml:81:9-86:55
	android:screenOrientation
		ADDED from src/main/AndroidManifest.xml:85:13-49
	android:hardwareAccelerated
		ADDED from src/main/AndroidManifest.xml:84:13-47
	android:windowSoftInputMode
		ADDED from src/main/AndroidManifest.xml:86:13-52
	android:configChanges
		ADDED from src/main/AndroidManifest.xml:83:13-63
	android:name
		ADDED from src/main/AndroidManifest.xml:82:13-75
activity#com.imaginamos.usuariofinal.taxisya.activities.LoginActivity
ADDED from src/main/AndroidManifest.xml:87:9-91:59
	android:screenOrientation
		ADDED from src/main/AndroidManifest.xml:90:13-49
	android:windowSoftInputMode
		ADDED from src/main/AndroidManifest.xml:91:13-56
	android:configChanges
		ADDED from src/main/AndroidManifest.xml:89:13-63
	android:name
		ADDED from src/main/AndroidManifest.xml:88:13-53
activity#com.imaginamos.usuariofinal.taxisya.activities.HistorialActivity
ADDED from src/main/AndroidManifest.xml:92:9-95:52
	android:screenOrientation
		ADDED from src/main/AndroidManifest.xml:95:13-49
	android:configChanges
		ADDED from src/main/AndroidManifest.xml:94:13-63
	android:name
		ADDED from src/main/AndroidManifest.xml:93:13-57
activity#com.imaginamos.usuariofinal.taxisya.activities.AgendarActivity
ADDED from src/main/AndroidManifest.xml:96:9-99:52
	android:screenOrientation
		ADDED from src/main/AndroidManifest.xml:99:13-49
	android:configChanges
		ADDED from src/main/AndroidManifest.xml:98:13-63
	android:name
		ADDED from src/main/AndroidManifest.xml:97:13-55
activity#com.imaginamos.usuariofinal.taxisya.activities.SolicitandoActivity
ADDED from src/main/AndroidManifest.xml:100:9-104:52
	android:screenOrientation
		ADDED from src/main/AndroidManifest.xml:104:13-49
	android:hardwareAccelerated
		ADDED from src/main/AndroidManifest.xml:103:13-47
	android:configChanges
		ADDED from src/main/AndroidManifest.xml:102:13-63
	android:name
		ADDED from src/main/AndroidManifest.xml:101:13-59
activity#com.imaginamos.usuariofinal.taxisya.activities.NotificationActivity
ADDED from src/main/AndroidManifest.xml:105:9-109:55
	android:screenOrientation
		ADDED from src/main/AndroidManifest.xml:108:13-49
	android:windowSoftInputMode
		ADDED from src/main/AndroidManifest.xml:109:13-52
	android:configChanges
		ADDED from src/main/AndroidManifest.xml:107:13-63
	android:name
		ADDED from src/main/AndroidManifest.xml:106:13-60
activity#com.imaginamos.usuariofinal.taxisya.activities.RegistroActivity
ADDED from src/main/AndroidManifest.xml:110:9-114:55
	android:screenOrientation
		ADDED from src/main/AndroidManifest.xml:113:13-49
	android:windowSoftInputMode
		ADDED from src/main/AndroidManifest.xml:114:13-52
	android:configChanges
		ADDED from src/main/AndroidManifest.xml:112:13-63
	android:name
		ADDED from src/main/AndroidManifest.xml:111:13-56
activity#com.imaginamos.usuariofinal.taxisya.activities.PerfilActivity
ADDED from src/main/AndroidManifest.xml:115:9-119:55
	android:screenOrientation
		ADDED from src/main/AndroidManifest.xml:118:13-49
	android:windowSoftInputMode
		ADDED from src/main/AndroidManifest.xml:119:13-52
	android:configChanges
		ADDED from src/main/AndroidManifest.xml:117:13-63
	android:name
		ADDED from src/main/AndroidManifest.xml:116:13-54
activity#com.imaginamos.usuariofinal.taxisya.activities.MisAgendamientosActivity
ADDED from src/main/AndroidManifest.xml:120:9-123:52
	android:screenOrientation
		ADDED from src/main/AndroidManifest.xml:123:13-49
	android:configChanges
		ADDED from src/main/AndroidManifest.xml:122:13-63
	android:name
		ADDED from src/main/AndroidManifest.xml:121:13-64
activity#com.imaginamos.taxisya.Servicioagendado
ADDED from src/main/AndroidManifest.xml:124:9-127:52
	android:screenOrientation
		ADDED from src/main/AndroidManifest.xml:127:13-49
	android:configChanges
		ADDED from src/main/AndroidManifest.xml:126:13-63
	android:name
		ADDED from src/main/AndroidManifest.xml:125:13-67
activity#com.imaginamos.usuariofinal.taxisya.activities.ConfirmacionActivity
ADDED from src/main/AndroidManifest.xml:129:9-132:52
	android:screenOrientation
		ADDED from src/main/AndroidManifest.xml:132:13-49
	android:configChanges
		ADDED from src/main/AndroidManifest.xml:131:13-63
	android:name
		ADDED from src/main/AndroidManifest.xml:130:13-60
activity#com.imaginamos.usuariofinal.taxisya.activities.Main_MapActivity
ADDED from src/main/AndroidManifest.xml:133:9-136:52
	android:screenOrientation
		ADDED from src/main/AndroidManifest.xml:136:13-49
	android:configChanges
		ADDED from src/main/AndroidManifest.xml:135:13-63
	android:name
		ADDED from src/main/AndroidManifest.xml:134:13-56
receiver#com.imaginamos.usuariofinal.taxisya.comm.GcmBroadcastReceiver
ADDED from src/main/AndroidManifest.xml:138:9-146:20
	android:permission
		ADDED from src/main/AndroidManifest.xml:140:13-73
	android:name
		ADDED from src/main/AndroidManifest.xml:139:13-54
intent-filter#com.google.android.c2dm.intent.RECEIVE+com.imaginamos.usuariofinal.taxisya
ADDED from src/main/AndroidManifest.xml:141:13-145:29
action#com.google.android.c2dm.intent.RECEIVE
ADDED from src/main/AndroidManifest.xml:142:17-81
	android:name
		ADDED from src/main/AndroidManifest.xml:142:25-78
category#com.imaginamos.usuariofinal.taxisya
ADDED from src/main/AndroidManifest.xml:144:17-80
	android:name
		ADDED from src/main/AndroidManifest.xml:144:27-77
service#com.imaginamos.usuariofinal.taxisya.comm.GcmIntentServices
ADDED from src/main/AndroidManifest.xml:148:9-59
	android:name
		ADDED from src/main/AndroidManifest.xml:148:18-56
activity#com.imaginamos.usuariofinal.taxisya.activities.CalificarActivity
ADDED from src/main/AndroidManifest.xml:150:9-154:52
	android:screenOrientation
		ADDED from src/main/AndroidManifest.xml:154:13-49
	android:noHistory
		ADDED from src/main/AndroidManifest.xml:153:13-37
	android:configChanges
		ADDED from src/main/AndroidManifest.xml:152:13-63
	android:name
		ADDED from src/main/AndroidManifest.xml:151:13-57
activity#com.imaginamos.usuariofinal.taxisya.activities.ReclamoActivity
ADDED from src/main/AndroidManifest.xml:155:9-158:52
	android:screenOrientation
		ADDED from src/main/AndroidManifest.xml:158:13-49
	android:configChanges
		ADDED from src/main/AndroidManifest.xml:157:13-63
	android:name
		ADDED from src/main/AndroidManifest.xml:156:13-55
activity#com.imaginamos.usuariofinal.taxisya.activities.EndAgendamientoActivity
ADDED from src/main/AndroidManifest.xml:159:9-162:52
	android:screenOrientation
		ADDED from src/main/AndroidManifest.xml:162:13-49
	android:configChanges
		ADDED from src/main/AndroidManifest.xml:161:13-63
	android:name
		ADDED from src/main/AndroidManifest.xml:160:13-63
service#com.imaginamos.taxisya.CheckStatusService
ADDED from src/main/AndroidManifest.xml:164:9-77
	android:name
		ADDED from src/main/AndroidManifest.xml:164:18-74
activity#com.imaginamos.usuariofinal.taxisya.activities.ResetPassActivity
ADDED from src/main/AndroidManifest.xml:166:9-169:52
	android:screenOrientation
		ADDED from src/main/AndroidManifest.xml:169:13-49
	android:label
		ADDED from src/main/AndroidManifest.xml:168:13-62
	android:name
		ADDED from src/main/AndroidManifest.xml:167:13-57
activity#com.imaginamos.usuariofinal.taxisya.comm.NewAddressActivity
ADDED from src/main/AndroidManifest.xml:170:9-174:58
	android:screenOrientation
		ADDED from src/main/AndroidManifest.xml:173:13-49
	android:label
		ADDED from src/main/AndroidManifest.xml:172:13-63
	android:windowSoftInputMode
		ADDED from src/main/AndroidManifest.xml:174:13-55
	android:name
		ADDED from src/main/AndroidManifest.xml:171:13-52
meta-data#io.fabric.ApiKey
ADDED from src/main/AndroidManifest.xml:176:9-178:72
	android:value
		ADDED from src/main/AndroidManifest.xml:178:13-69
	android:name
		ADDED from src/main/AndroidManifest.xml:177:13-44
activity#com.imaginamos.usuariofinal.taxisya.activities.MyAddressesActivity
ADDED from src/main/AndroidManifest.xml:180:9-183:52
	android:screenOrientation
		ADDED from src/main/AndroidManifest.xml:183:13-49
	android:label
		ADDED from src/main/AndroidManifest.xml:182:13-64
	android:name
		ADDED from src/main/AndroidManifest.xml:181:13-59
activity#com.imaginamos.usuariofinal.taxisya.activities.MapNewAddressActivity
ADDED from src/main/AndroidManifest.xml:184:9-187:52
	android:screenOrientation
		ADDED from src/main/AndroidManifest.xml:187:13-49
	android:label
		ADDED from src/main/AndroidManifest.xml:186:13-67
	android:name
		ADDED from src/main/AndroidManifest.xml:185:13-61
activity#com.imaginamos.usuariofinal.taxisya.activities.PagosActivity
ADDED from src/main/AndroidManifest.xml:188:9-62
	android:name
		ADDED from src/main/AndroidManifest.xml:188:19-59
activity#com.imaginamos.usuariofinal.taxisya.activities.AddCardActivity
ADDED from src/main/AndroidManifest.xml:189:9-64
	android:name
		ADDED from src/main/AndroidManifest.xml:189:19-61
activity#com.imaginamos.usuariofinal.taxisya.activities.PaymentsActivity
ADDED from src/main/AndroidManifest.xml:191:9-194:52
	android:screenOrientation
		ADDED from src/main/AndroidManifest.xml:194:13-49
	android:configChanges
		ADDED from src/main/AndroidManifest.xml:193:13-63
	android:name
		ADDED from src/main/AndroidManifest.xml:192:13-56
uses-sdk
INJECTED from src/main/AndroidManifest.xml reason: use-sdk injection requested
MERGED from [com.crashlytics.sdk.android:crashlytics:2.6.5] AndroidManifest.xml:7:5-43
MERGED from [com.crashlytics.sdk.android:beta:1.2.2] AndroidManifest.xml:7:5-43
MERGED from [com.crashlytics.sdk.android:crashlytics-core:2.3.14] AndroidManifest.xml:7:5-43
MERGED from [com.crashlytics.sdk.android:answers:1.3.10] AndroidManifest.xml:7:5-43
MERGED from [io.fabric.sdk.android:fabric:1.3.14] AndroidManifest.xml:23:5-43
MERGED from [com.android.support:design:25.0.1] AndroidManifest.xml:21:5-23:62
MERGED from [com.android.support:transition:25.0.1] AndroidManifest.xml:20:5-44
MERGED from [com.android.support:recyclerview-v7:25.0.1] AndroidManifest.xml:20:5-43
MERGED from [com.android.support:cardview-v7:25.0.1] AndroidManifest.xml:20:5-43
MERGED from [com.google.android.gms:play-services-maps:9.8.0] AndroidManifest.xml:23:5-42
MERGED from [com.google.android.gms:play-services-appindexing:9.8.0] AndroidManifest.xml:17:5-42
MERGED from [com.google.android.gms:play-services-location:9.8.0] AndroidManifest.xml:3:5-42
MERGED from [com.google.android.gms:play-services-analytics:9.8.0] AndroidManifest.xml:17:5-42
MERGED from [com.google.android.gms:play-services-analytics-impl:9.8.0] AndroidManifest.xml:17:5-42
MERGED from [com.google.android.gms:play-services-gcm:9.8.0] AndroidManifest.xml:17:5-42
MERGED from [com.google.android.gms:play-services-iid:9.8.0] AndroidManifest.xml:17:5-42
MERGED from [com.google.android.gms:play-services-base:9.8.0] AndroidManifest.xml:17:5-42
MERGED from [de.hdodenhof:circleimageview:1.3.0] AndroidManifest.xml:5:5-7:41
MERGED from [com.google.firebase:firebase-core:9.8.0] AndroidManifest.xml:4:5-42
MERGED from [com.google.firebase:firebase-analytics:9.8.0] AndroidManifest.xml:17:5-42
MERGED from [com.google.firebase:firebase-analytics-impl:9.8.0] AndroidManifest.xml:17:5-42
MERGED from [com.google.firebase:firebase-messaging:9.8.0] AndroidManifest.xml:17:5-42
MERGED from [com.google.firebase:firebase-iid:9.8.0] AndroidManifest.xml:17:5-42
MERGED from [com.google.firebase:firebase-common:9.8.0] AndroidManifest.xml:3:5-42
MERGED from [com.google.android.gms:play-services-tasks:9.8.0] AndroidManifest.xml:3:5-42
MERGED from [com.google.android.gms:play-services-basement:9.8.0] AndroidManifest.xml:17:5-42
MERGED from [com.paymentez.paymentezsdk:paymentezsdk:1.0.4] AndroidManifest.xml:7:5-9:41
MERGED from [com.android.support:appcompat-v7:25.0.1] AndroidManifest.xml:21:5-23:78
MERGED from [com.android.support:support-v4:25.0.1] AndroidManifest.xml:21:5-23:54
MERGED from [com.android.support:support-fragment:25.0.1] AndroidManifest.xml:21:5-23:60
MERGED from [com.android.support:support-media-compat:25.0.1] AndroidManifest.xml:21:5-23:63
MERGED from [com.android.support:support-core-ui:25.0.1] AndroidManifest.xml:21:5-23:58
MERGED from [com.android.support:support-core-utils:25.0.1] AndroidManifest.xml:21:5-23:61
MERGED from [com.android.support:animated-vector-drawable:25.0.1] AndroidManifest.xml:20:5-44
MERGED from [com.android.support:support-vector-drawable:25.0.1] AndroidManifest.xml:21:5-43
MERGED from [com.android.support:support-compat:25.0.1] AndroidManifest.xml:21:5-23:58
MERGED from [io.card:android-sdk:5.3.4] AndroidManifest.xml:7:5-9:41
MERGED from [info.hoang8f:android-segmented:1.0.6] AndroidManifest.xml:7:5-9:41
	tools:overrideLibrary
		ADDED from [com.android.support:design:25.0.1] AndroidManifest.xml:23:9-59
	android:targetSdkVersion
		INJECTED from src/main/AndroidManifest.xml
		INJECTED from src/main/AndroidManifest.xml
	android:minSdkVersion
		INJECTED from src/main/AndroidManifest.xml
		INJECTED from src/main/AndroidManifest.xml
uses-feature#0x00020000
ADDED from [com.google.android.gms:play-services-maps:9.8.0] AndroidManifest.xml:21:5-77
	android:glEsVersion
		ADDED from [com.google.android.gms:play-services-maps:9.8.0] AndroidManifest.xml:21:19-51
	android:required
		ADDED from [com.google.android.gms:play-services-maps:9.8.0] AndroidManifest.xml:21:52-75
activity#com.google.android.gms.common.api.GoogleApiActivity
ADDED from [com.google.android.gms:play-services-base:9.8.0] AndroidManifest.xml:19:9-172
	android:exported
		ADDED from [com.google.android.gms:play-services-base:9.8.0] AndroidManifest.xml:19:146-170
	android:theme
		ADDED from [com.google.android.gms:play-services-base:9.8.0] AndroidManifest.xml:19:86-145
	android:name
		ADDED from [com.google.android.gms:play-services-base:9.8.0] AndroidManifest.xml:19:19-85
receiver#com.google.android.gms.measurement.AppMeasurementReceiver
ADDED from [com.google.firebase:firebase-analytics:9.8.0] AndroidManifest.xml:25:7-26:18
MERGED from [com.google.firebase:firebase-analytics-impl:9.8.0] AndroidManifest.xml:25:7-26:18
	android:enabled
		ADDED from [com.google.firebase:firebase-analytics:9.8.0] AndroidManifest.xml:25:90-112
	android:exported
		ADDED from [com.google.firebase:firebase-analytics:9.8.0] AndroidManifest.xml:25:113-137
	android:name
		ADDED from [com.google.firebase:firebase-analytics:9.8.0] AndroidManifest.xml:25:17-89
receiver#com.google.android.gms.measurement.AppMeasurementInstallReferrerReceiver
ADDED from [com.google.firebase:firebase-analytics:9.8.0] AndroidManifest.xml:27:7-31:18
	android:enabled
		ADDED from [com.google.firebase:firebase-analytics:9.8.0] AndroidManifest.xml:27:162-184
	android:permission
		ADDED from [com.google.firebase:firebase-analytics:9.8.0] AndroidManifest.xml:27:105-161
	android:name
		ADDED from [com.google.firebase:firebase-analytics:9.8.0] AndroidManifest.xml:27:17-104
intent-filter#com.android.vending.INSTALL_REFERRER
ADDED from [com.google.firebase:firebase-analytics:9.8.0] AndroidManifest.xml:28:11-30:27
action#com.android.vending.INSTALL_REFERRER
ADDED from [com.google.firebase:firebase-analytics:9.8.0] AndroidManifest.xml:29:15-76
	android:name
		ADDED from [com.google.firebase:firebase-analytics:9.8.0] AndroidManifest.xml:29:23-74
service#com.google.android.gms.measurement.AppMeasurementService
ADDED from [com.google.firebase:firebase-analytics:9.8.0] AndroidManifest.xml:32:7-137
MERGED from [com.google.firebase:firebase-analytics-impl:9.8.0] AndroidManifest.xml:27:7-137
	android:enabled
		ADDED from [com.google.firebase:firebase-analytics:9.8.0] AndroidManifest.xml:32:88-110
	android:exported
		ADDED from [com.google.firebase:firebase-analytics:9.8.0] AndroidManifest.xml:32:111-135
	android:name
		ADDED from [com.google.firebase:firebase-analytics:9.8.0] AndroidManifest.xml:32:16-87
service#com.google.firebase.messaging.FirebaseMessagingService
ADDED from [com.google.firebase:firebase-messaging:9.8.0] AndroidManifest.xml:23:9-27:19
	android:exported
		ADDED from [com.google.firebase:firebase-messaging:9.8.0] AndroidManifest.xml:23:88-111
	android:name
		ADDED from [com.google.firebase:firebase-messaging:9.8.0] AndroidManifest.xml:23:18-87
permission#${applicationId}.permission.C2D_MESSAGE
ADDED from [com.google.firebase:firebase-iid:9.8.0] AndroidManifest.xml:24:5-109
	android:protectionLevel
		ADDED from [com.google.firebase:firebase-iid:9.8.0] AndroidManifest.xml:24:72-107
	android:name